INFO:     Started server process [13845]
INFO:     Waiting for application startup.
2025-12-17 21:20:30,210 INFO sqlalchemy.engine.Engine BEGIN (implicit)
2025-12-17 21:20:30,210 INFO sqlalchemy.engine.Engine PRAGMA main.table_info("user")
2025-12-17 21:20:30,210 INFO sqlalchemy.engine.Engine [raw sql] ()
2025-12-17 21:20:30,211 INFO sqlalchemy.engine.Engine PRAGMA main.table_info("name")
2025-12-17 21:20:30,211 INFO sqlalchemy.engine.Engine [raw sql] ()
2025-12-17 21:20:30,211 INFO sqlalchemy.engine.Engine PRAGMA main.table_info("swipe")
2025-12-17 21:20:30,211 INFO sqlalchemy.engine.Engine [raw sql] ()
2025-12-17 21:20:30,211 INFO sqlalchemy.engine.Engine COMMIT
2025-12-17 21:20:30,211 INFO sqlalchemy.engine.Engine BEGIN (implicit)
2025-12-17 21:20:30,214 INFO sqlalchemy.engine.Engine SELECT user.id, user.name 
FROM user 
WHERE user.name = ?
2025-12-17 21:20:30,214 INFO sqlalchemy.engine.Engine [generated in 0.00007s] ('Kyle',)
2025-12-17 21:20:30,215 INFO sqlalchemy.engine.Engine SELECT user.id, user.name 
FROM user 
WHERE user.name = ?
2025-12-17 21:20:30,215 INFO sqlalchemy.engine.Engine [cached since 0.0004075s ago] ('Emily',)
2025-12-17 21:20:30,215 INFO sqlalchemy.engine.Engine COMMIT
INFO:     Application startup complete.
INFO:     Uvicorn running on http://127.0.0.1:8000 (Press CTRL+C to quit)
2025-12-17 21:21:10,971 INFO sqlalchemy.engine.Engine BEGIN (implicit)
2025-12-17 21:21:10,971 INFO sqlalchemy.engine.Engine SELECT user.id, user.name 
FROM user
2025-12-17 21:21:10,971 INFO sqlalchemy.engine.Engine [generated in 0.00009s] ()
INFO:     127.0.0.1:56949 - "GET /users HTTP/1.1" 200 OK
2025-12-17 21:21:10,972 INFO sqlalchemy.engine.Engine ROLLBACK
2025-12-17 21:21:10,973 INFO sqlalchemy.engine.Engine BEGIN (implicit)
2025-12-17 21:21:10,973 INFO sqlalchemy.engine.Engine SELECT user.id, user.name 
FROM user
2025-12-17 21:21:10,973 INFO sqlalchemy.engine.Engine [cached since 0.002211s ago] ()
INFO:     127.0.0.1:56949 - "GET /users HTTP/1.1" 200 OK
2025-12-17 21:21:10,974 INFO sqlalchemy.engine.Engine ROLLBACK
2025-12-17 21:21:12,278 INFO sqlalchemy.engine.Engine BEGIN (implicit)
2025-12-17 21:21:12,279 INFO sqlalchemy.engine.Engine SELECT swipe.name_id 
FROM swipe 
WHERE swipe.user_id = ?
2025-12-17 21:21:12,279 INFO sqlalchemy.engine.Engine [generated in 0.00009s] (1,)
2025-12-17 21:21:12,283 INFO sqlalchemy.engine.Engine SELECT name.id, name.name, name.gender, name.origin, name.meaning 
FROM name 
WHERE (name.id NOT IN (?, ?, ?, ?, ?, ?, ?, ?, ?, ?, ?, ?, ?, ?, ?, ?, ?, ?, ?, ?, ?, ?, ?, ?, ?, ?, ?, ?, ?, ?, ?, ?, ?, ?, ?, ?, ?, ?, ?, ?, ?, ?, ?, ?, ?, ?, ?, ?, ?, ?, ?, ?, ?, ?, ?, ?, ?, ?, ?, ?, ?, ?, ?, ?, ?, ?, ?, ?, ?, ?, ?, ?, ?))
 LIMIT ? OFFSET ?
2025-12-17 21:21:12,283 INFO sqlalchemy.engine.Engine [generated in 0.00019s] (1, 2, 3, 4, 5, 6, 7, 8, 9, 10, 11, 12, 13, 14, 15, 16, 17, 18, 19, 20, 21, 22, 23, 24, 25, 26, 27, 28, 29, 30, 31, 32, 33, 34, 35, 36, 37, 38, 39, 40, 41, 42, 43, 44, 45, 54, 47, 53, 51, 50, 48, 52, 49, 46, 59, 56, 58, 55, 57, 62, 64, 61, 60, 66, 63, 70, 72, 65, 67, 69, 68, 73, 71, 10, 0)
INFO:     127.0.0.1:56949 - "GET /recommendations/1 HTTP/1.1" 200 OK
2025-12-17 21:21:12,285 INFO sqlalchemy.engine.Engine ROLLBACK
2025-12-17 21:22:15,864 INFO sqlalchemy.engine.Engine BEGIN (implicit)
2025-12-17 21:22:15,864 INFO sqlalchemy.engine.Engine SELECT user.id, user.name 
FROM user
2025-12-17 21:22:15,864 INFO sqlalchemy.engine.Engine [cached since 64.89s ago] ()
INFO:     127.0.0.1:58519 - "GET /users HTTP/1.1" 200 OK
2025-12-17 21:22:15,865 INFO sqlalchemy.engine.Engine ROLLBACK
2025-12-17 21:22:15,866 INFO sqlalchemy.engine.Engine BEGIN (implicit)
2025-12-17 21:22:15,866 INFO sqlalchemy.engine.Engine SELECT user.id, user.name 
FROM user
2025-12-17 21:22:15,866 INFO sqlalchemy.engine.Engine [cached since 64.9s ago] ()
INFO:     127.0.0.1:58519 - "GET /users HTTP/1.1" 200 OK
2025-12-17 21:22:15,867 INFO sqlalchemy.engine.Engine ROLLBACK
2025-12-17 21:22:16,530 INFO sqlalchemy.engine.Engine BEGIN (implicit)
2025-12-17 21:22:16,530 INFO sqlalchemy.engine.Engine SELECT user.id, user.name 
FROM user
2025-12-17 21:22:16,530 INFO sqlalchemy.engine.Engine [cached since 65.56s ago] ()
INFO:     127.0.0.1:58542 - "GET /users HTTP/1.1" 200 OK
2025-12-17 21:22:16,531 INFO sqlalchemy.engine.Engine ROLLBACK
2025-12-17 21:22:24,225 INFO sqlalchemy.engine.Engine BEGIN (implicit)
2025-12-17 21:22:24,226 INFO sqlalchemy.engine.Engine SELECT swipe.name_id 
FROM swipe 
WHERE swipe.user_id = ?
2025-12-17 21:22:24,226 INFO sqlalchemy.engine.Engine [cached since 71.95s ago] (1,)
2025-12-17 21:22:24,227 INFO sqlalchemy.engine.Engine SELECT name.id, name.name, name.gender, name.origin, name.meaning 
FROM name 
WHERE (name.id NOT IN (?, ?, ?, ?, ?, ?, ?, ?, ?, ?, ?, ?, ?, ?, ?, ?, ?, ?, ?, ?, ?, ?, ?, ?, ?, ?, ?, ?, ?, ?, ?, ?, ?, ?, ?, ?, ?, ?, ?, ?, ?, ?, ?, ?, ?, ?, ?, ?, ?, ?, ?, ?, ?, ?, ?, ?, ?, ?, ?, ?, ?, ?, ?, ?, ?, ?, ?, ?, ?, ?, ?, ?, ?))
 LIMIT ? OFFSET ?
2025-12-17 21:22:24,227 INFO sqlalchemy.engine.Engine [cached since 71.94s ago] (1, 2, 3, 4, 5, 6, 7, 8, 9, 10, 11, 12, 13, 14, 15, 16, 17, 18, 19, 20, 21, 22, 23, 24, 25, 26, 27, 28, 29, 30, 31, 32, 33, 34, 35, 36, 37, 38, 39, 40, 41, 42, 43, 44, 45, 54, 47, 53, 51, 50, 48, 52, 49, 46, 59, 56, 58, 55, 57, 62, 64, 61, 60, 66, 63, 70, 72, 65, 67, 69, 68, 73, 71, 10, 0)
INFO:     127.0.0.1:58747 - "GET /recommendations/1 HTTP/1.1" 200 OK
2025-12-17 21:22:24,228 INFO sqlalchemy.engine.Engine ROLLBACK
2025-12-17 21:22:26,312 INFO sqlalchemy.engine.Engine BEGIN (implicit)
2025-12-17 21:22:26,313 INFO sqlalchemy.engine.Engine SELECT name.id, name.name, name.gender, name.origin, name.meaning 
FROM name JOIN swipe ON name.id = swipe.name_id 
WHERE swipe.decision = ? GROUP BY name.id 
HAVING count(DISTINCT swipe.user_id) >= ?
2025-12-17 21:22:26,313 INFO sqlalchemy.engine.Engine [generated in 0.00009s] ('like', 2)
INFO:     127.0.0.1:58747 - "GET /matches HTTP/1.1" 200 OK
2025-12-17 21:22:26,314 INFO sqlalchemy.engine.Engine ROLLBACK
